<?xml version="1.0" encoding="UTF-8"?>
<testng-results ignored="0" total="1" passed="1" failed="0" skipped="0">
  <reporter-output>
  </reporter-output>
  <suite started-at="2021-01-02T15:57:59 IST" name="Default suite" finished-at="2021-01-02T15:58:23 IST" duration-ms="23848">
    <groups>
    </groups>
    <test started-at="2021-01-02T15:57:59 IST" name="Default test" finished-at="2021-01-02T15:58:23 IST" duration-ms="23848">
      <class name="Selenium_4_Features.Location_Getting">
        <test-method signature="getLocation()[pri:0, instance:Selenium_4_Features.Location_Getting@306cf3ea]" started-at="2021-01-02T15:57:59 IST" name="getLocation" finished-at="2021-01-02T15:58:23 IST" duration-ms="23806" status="PASS">
          <reporter-output>
          </reporter-output>
        </test-method> <!-- getLocation -->
      </class> <!-- Selenium_4_Features.Location_Getting -->
    </test> <!-- Default test -->
  </suite> <!-- Default suite -->
</testng-results>
